<?xml version="1.0" encoding="UTF-8"?>
<testsuite name="file.AccessFileTest" tests="2" skipped="0" failures="0" errors="0" timestamp="2022-05-19T12:12:08" hostname="Wins-MacBook-Air.local" time="0.011">
  <properties/>
  <testcase name="testWriteFile()" classname="file.AccessFileTest" time="0.005"/>
  <testcase name="testReadFile()" classname="file.AccessFileTest" time="0.005"/>
  <system-out><![CDATA[]]></system-out>
  <system-err><![CDATA[]]></system-err>
</testsuite>
