<?xml version="1.0" encoding="UTF-8"?>
<testsuite name="file.OutputFileTest" tests="4" skipped="0" failures="0" errors="0" timestamp="2022-05-19T12:12:08" hostname="Wins-MacBook-Air.local" time="0.022">
  <properties/>
  <testcase name="testOutputFile_Normal()" classname="file.OutputFileTest" time="0.014"/>
  <testcase name="testOutputFile_OverrideYes()" classname="file.OutputFileTest" time="0.002"/>
  <testcase name="testOutputFile_OverrideNo()" classname="file.OutputFileTest" time="0.001"/>
  <testcase name="testOutputFile_InvalidInput()" classname="file.OutputFileTest" time="0.002"/>
  <system-out><![CDATA[]]></system-out>
  <system-err><![CDATA[]]></system-err>
</testsuite>
