<?xml version="1.0" encoding="UTF-8"?>
<testsuite name="file.AccessFileTest" tests="2" skipped="0" failures="0" errors="0" timestamp="2022-05-19T07:32:39" hostname="Wins-MacBook-Air.local" time="0.058">
  <properties/>
  <testcase name="testWriteFile()" classname="file.AccessFileTest" time="0.034"/>
  <testcase name="testReadFile()" classname="file.AccessFileTest" time="0.022"/>
  <system-out><![CDATA[]]></system-out>
  <system-err><![CDATA[]]></system-err>
</testsuite>
