<?xml version="1.0" encoding="UTF-8"?>
<testsuite name="test.CreateFileTest" tests="11" skipped="0" failures="0" errors="0" timestamp="2022-05-18T14:02:02" hostname="Wins-MacBook-Air.local" time="0.114">
  <properties/>
  <testcase name="testUserInput_Min()" classname="test.CreateFileTest" time="0.033"/>
  <testcase name="testUserInput_Max()" classname="test.CreateFileTest" time="0.002"/>
  <testcase name="testUserInput_Zero()" classname="test.CreateFileTest" time="0.006"/>
  <testcase name="testUserInput_230()" classname="test.CreateFileTest" time="0.003"/>
  <testcase name="testUserInput_Invalid()" classname="test.CreateFileTest" time="0.01"/>
  <testcase name="testOutputFile_Normal()" classname="test.CreateFileTest" time="0.017"/>
  <testcase name="testOutputFile_OverrideYes()" classname="test.CreateFileTest" time="0.003"/>
  <testcase name="testOutputFile_OverrideNo()" classname="test.CreateFileTest" time="0.003"/>
  <testcase name="testOutputFile_InvalidInput()" classname="test.CreateFileTest" time="0.003"/>
  <testcase name="testWriteFile()" classname="test.CreateFileTest" time="0.008"/>
  <testcase name="testReadFile()" classname="test.CreateFileTest" time="0.007"/>
  <system-out><![CDATA[]]></system-out>
  <system-err><![CDATA[]]></system-err>
</testsuite>
